2015-05-05T00:46:54.617+0200 I JOURNAL  [initandlisten] journal dir=/Users/odin.delrio/dev/training/mongodb-m102/final-exam/questions-08-10/data/s2/journal
2015-05-05T00:46:54.617+0200 I JOURNAL  [initandlisten] recover : no journal files present, no recovery needed
2015-05-05T00:46:54.633+0200 I JOURNAL  [durability] Durability thread started
2015-05-05T00:46:54.634+0200 I JOURNAL  [journal writer] Journal writer thread started
2015-05-05T00:46:54.634+0200 I CONTROL  [initandlisten] MongoDB starting : pid=39984 port=27601 dbpath=/Users/odin.delrio/dev/training/mongodb-m102/final-exam/questions-08-10/data/s2 64-bit host=MAC-0215-2.local
2015-05-05T00:46:54.635+0200 I CONTROL  [initandlisten] db version v3.0.2
2015-05-05T00:46:54.635+0200 I CONTROL  [initandlisten] git version: nogitversion
2015-05-05T00:46:54.635+0200 I CONTROL  [initandlisten] build info: Darwin yosemitevm.local 14.3.0 Darwin Kernel Version 14.3.0: Mon Mar 23 11:59:05 PDT 2015; root:xnu-2782.20.48~5/RELEASE_X86_64 x86_64 BOOST_LIB_VERSION=1_49
2015-05-05T00:46:54.635+0200 I CONTROL  [initandlisten] allocator: system
2015-05-05T00:46:54.635+0200 I CONTROL  [initandlisten] options: { net: { port: 27601 }, processManagement: { fork: true }, sharding: { clusterRole: "shardsvr" }, storage: { dbPath: "data/s2" }, systemLog: { destination: "file", path: "s2.log" } }
2015-05-05T00:46:54.638+0200 I INDEX    [initandlisten] allocating new ns file /Users/odin.delrio/dev/training/mongodb-m102/final-exam/questions-08-10/data/s2/local.ns, filling with zeroes...
2015-05-05T00:46:54.673+0200 I STORAGE  [FileAllocator] allocating new datafile /Users/odin.delrio/dev/training/mongodb-m102/final-exam/questions-08-10/data/s2/local.0, filling with zeroes...
2015-05-05T00:46:54.674+0200 I STORAGE  [FileAllocator] creating directory /Users/odin.delrio/dev/training/mongodb-m102/final-exam/questions-08-10/data/s2/_tmp
2015-05-05T00:46:54.770+0200 I STORAGE  [FileAllocator] done allocating datafile /Users/odin.delrio/dev/training/mongodb-m102/final-exam/questions-08-10/data/s2/local.0, size: 64MB,  took 0.095 secs
2015-05-05T00:46:54.792+0200 I NETWORK  [initandlisten] waiting for connections on port 27601
2015-05-05T00:47:22.275+0200 I NETWORK  [initandlisten] connection accepted from 127.0.0.1:59398 #1 (1 connection now open)
2015-05-05T00:47:22.289+0200 I INDEX    [conn1] allocating new ns file /Users/odin.delrio/dev/training/mongodb-m102/final-exam/questions-08-10/data/s2/snps.ns, filling with zeroes...
2015-05-05T00:47:22.315+0200 I STORAGE  [FileAllocator] allocating new datafile /Users/odin.delrio/dev/training/mongodb-m102/final-exam/questions-08-10/data/s2/snps.0, filling with zeroes...
2015-05-05T00:47:22.400+0200 I STORAGE  [FileAllocator] done allocating datafile /Users/odin.delrio/dev/training/mongodb-m102/final-exam/questions-08-10/data/s2/snps.0, size: 64MB,  took 0.084 secs
2015-05-05T00:47:22.429+0200 I INDEX    [conn1] build index on: snps.elegans properties: { v: 1, key: { snp: 1.0 }, name: "snp_1", ns: "snps.elegans" }
2015-05-05T00:47:22.429+0200 I INDEX    [conn1] 	 building index using bulk method
2015-05-05T00:47:22.431+0200 I INDEX    [conn1] build index done.  scanned 482 total records. 0 secs
2015-05-05T00:47:22.432+0200 I NETWORK  [conn1] end connection 127.0.0.1:59398 (0 connections now open)
2015-05-05T00:54:36.818+0200 I NETWORK  [initandlisten] connection accepted from 127.0.0.1:59492 #2 (1 connection now open)
2015-05-05T00:55:52.341+0200 I NETWORK  [initandlisten] connection accepted from 127.0.0.1:59498 #3 (2 connections now open)
2015-05-05T00:55:52.342+0200 I SHARDING [conn3] first cluster operation detected, adding sharding hook to enable versioning and authentication to remote servers
2015-05-05T00:55:52.342+0200 I SHARDING [conn3] remote client 127.0.0.1:59498 initialized this host (localhost:27601) as shard s2
2015-05-05T00:55:52.342+0200 I SHARDING [conn3] remotely refreshing metadata for snps.elegans with requested shard version 2|0||553f0ef319d7841961ac8fc1, current shard version is 0|0||000000000000000000000000, current metadata version is 0|0||000000000000000000000000
2015-05-05T00:55:52.343+0200 I SHARDING [conn3] collection snps.elegans was previously unsharded, new metadata loaded with shard version 2|0||553f0ef319d7841961ac8fc1
2015-05-05T00:55:52.343+0200 I SHARDING [conn3] collection version was loaded at version 2|1||553f0ef319d7841961ac8fc1, took 0ms
2015-05-05T00:56:05.584+0200 I NETWORK  [initandlisten] connection accepted from 127.0.0.1:59501 #4 (3 connections now open)
2015-05-05T00:58:43.430+0200 I INDEX    [conn3] build index on: snps.elegans properties: { v: 1, key: { N2: 1.0, mutant: 1.0 }, name: "N2_1_mutant_1", ns: "snps.elegans" }
2015-05-05T00:58:43.431+0200 I INDEX    [conn3] 	 building index using bulk method
2015-05-05T00:58:43.433+0200 I INDEX    [conn3] build index done.  scanned 482 total records. 0 secs
2015-05-05T01:07:21.441+0200 I COMMAND  [conn2] killcursors: found 0 of 1
